INFO:options_pricing_tool.services.analysis_service:================================================================================
INFO:options_pricing_tool.services.analysis_service:🚀 STARTING OPTIONS PRICING ANALYSIS
INFO:options_pricing_tool.services.analysis_service:   Ticker: SLV
INFO:options_pricing_tool.services.analysis_service:   Option Type: CALL
INFO:options_pricing_tool.services.analysis_service:   Date Range: Default (6 months)
INFO:options_pricing_tool.services.analysis_service:   Strike Range: (29.5, 30.0)
INFO:options_pricing_tool.services.analysis_service:   Alpha Values: [3.0]
INFO:options_pricing_tool.services.analysis_service:================================================================================
INFO:options_pricing_tool.services.data_service:📊 YFINANCE DATA EXTRACTION for SLV
INFO:options_pricing_tool.services.data_service:  • Stock info keys available: ['longBusinessSummary', 'companyOfficers', 'executiveTeam', 'maxAge', 'priceHint', 'previousClose', 'open', 'dayLow', 'dayHigh', 'regularMarketPreviousClose']...
INFO:options_pricing_tool.services.data_service:  • Current price from info: 37.34
INFO:options_pricing_tool.services.data_service:  • Fetching historical data: 2024-09-04 to 2025-09-04
INFO:options_pricing_tool.services.data_service:  • Historical prices: 249 days, latest=37.34
INFO:options_pricing_tool.services.data_service:  • Dividend yield: 0.0
INFO:options_pricing_tool.services.data_service:  • Risk-free rate: 0.0421 (4.21%)
INFO:options_pricing_tool.services.data_service:🔗 OPTIONS CHAIN EXTRACTION
INFO:options_pricing_tool.services.data_service:  📅 Expiry 2025-09-05: 36 call contracts found
INFO:options_pricing_tool.services.data_service:     📋 Sample raw data (first 3 contracts):
INFO:options_pricing_tool.services.data_service:        Contract 1: Strike=20.0, LastPrice=16.21, Bid=0.0, Ask=0.0, Volume=9.0, OpenInt=9, IV=1.0000000000000003e-05
INFO:options_pricing_tool.services.data_service:        Contract 2: Strike=21.0, LastPrice=15.07, Bid=0.0, Ask=0.0, Volume=19.0, OpenInt=19, IV=1.0000000000000003e-05
INFO:options_pricing_tool.services.data_service:        Contract 3: Strike=23.0, LastPrice=11.55, Bid=0.0, Ask=0.0, Volume=1.0, OpenInt=5, IV=1.0000000000000003e-05
INFO:options_pricing_tool.services.data_service:  📅 Expiry 2025-09-08: 17 call contracts found
INFO:options_pricing_tool.services.data_service:     📋 Sample raw data (first 3 contracts):
INFO:options_pricing_tool.services.data_service:        Contract 1: Strike=30.0, LastPrice=6.15, Bid=0.0, Ask=0.0, Volume=6.0, OpenInt=6, IV=1.0000000000000003e-05
INFO:options_pricing_tool.services.data_service:        Contract 2: Strike=32.0, LastPrice=4.81, Bid=0.0, Ask=0.0, Volume=2.0, OpenInt=0, IV=1.0000000000000003e-05
INFO:options_pricing_tool.services.data_service:        Contract 3: Strike=32.5, LastPrice=3.03, Bid=0.0, Ask=0.0, Volume=nan, OpenInt=1, IV=1.0000000000000003e-05
INFO:options_pricing_tool.services.data_service:  📅 Expiry 2025-09-10: 18 call contracts found
INFO:options_pricing_tool.services.data_service:     📋 Sample raw data (first 3 contracts):
INFO:options_pricing_tool.services.data_service:        Contract 1: Strike=33.0, LastPrice=2.61, Bid=0.0, Ask=0.0, Volume=2, OpenInt=2, IV=1.0000000000000003e-05
INFO:options_pricing_tool.services.data_service:        Contract 2: Strike=33.5, LastPrice=2.62, Bid=0.0, Ask=0.0, Volume=2, OpenInt=2, IV=1.0000000000000003e-05
INFO:options_pricing_tool.services.data_service:        Contract 3: Strike=34.0, LastPrice=3.45, Bid=0.0, Ask=0.0, Volume=51, OpenInt=52, IV=1.0000000000000003e-05
INFO:options_pricing_tool.services.data_service:  📅 Expiry 2025-09-12: 34 call contracts found
INFO:options_pricing_tool.services.data_service:     📋 Sample raw data (first 3 contracts):
INFO:options_pricing_tool.services.data_service:        Contract 1: Strike=20.0, LastPrice=16.59, Bid=0.0, Ask=0.0, Volume=5.0, OpenInt=1, IV=1.0000000000000003e-05
INFO:options_pricing_tool.services.data_service:        Contract 2: Strike=22.0, LastPrice=13.05, Bid=0.0, Ask=0.0, Volume=nan, OpenInt=40, IV=1.0000000000000003e-05
INFO:options_pricing_tool.services.data_service:        Contract 3: Strike=23.0, LastPrice=11.55, Bid=0.0, Ask=0.0, Volume=nan, OpenInt=16, IV=1.0000000000000003e-05
INFO:options_pricing_tool.services.data_service:  📅 Expiry 2025-09-19: 61 call contracts found
INFO:options_pricing_tool.services.data_service:     📋 Sample raw data (first 3 contracts):
INFO:options_pricing_tool.services.data_service:        Contract 1: Strike=15.0, LastPrice=18.78, Bid=20.75, Ask=21.3, Volume=1.0, OpenInt=1, IV=1.0000000000000003e-05
INFO:options_pricing_tool.services.data_service:        Contract 2: Strike=16.0, LastPrice=14.48, Bid=15.7, Ask=17.9, Volume=2.0, OpenInt=4, IV=1.0000000000000003e-05
INFO:options_pricing_tool.services.data_service:        Contract 3: Strike=17.0, LastPrice=13.5, Bid=13.5, Ask=14.65, Volume=nan, OpenInt=200, IV=1.0000000000000003e-05
INFO:options_pricing_tool.services.data_service:  📅 Expiry 2025-09-26: 31 call contracts found
INFO:options_pricing_tool.services.data_service:     📋 Sample raw data (first 3 contracts):
INFO:options_pricing_tool.services.data_service:        Contract 1: Strike=20.0, LastPrice=15.45, Bid=0.0, Ask=0.0, Volume=1.0, OpenInt=6, IV=1.0000000000000003e-05
INFO:options_pricing_tool.services.data_service:        Contract 2: Strike=23.0, LastPrice=14.19, Bid=0.0, Ask=0.0, Volume=8.0, OpenInt=13, IV=1.0000000000000003e-05
INFO:options_pricing_tool.services.data_service:        Contract 3: Strike=25.0, LastPrice=10.32, Bid=0.0, Ask=0.0, Volume=nan, OpenInt=1, IV=1.0000000000000003e-05
INFO:options_pricing_tool.services.data_service:  📅 Expiry 2025-09-30: 46 call contracts found
INFO:options_pricing_tool.services.data_service:     📋 Sample raw data (first 3 contracts):
INFO:options_pricing_tool.services.data_service:        Contract 1: Strike=20.0, LastPrice=17.42, Bid=0.0, Ask=0.0, Volume=1, OpenInt=162, IV=1.0000000000000003e-05
INFO:options_pricing_tool.services.data_service:        Contract 2: Strike=21.0, LastPrice=14.45, Bid=14.35, Ask=14.7, Volume=10, OpenInt=6, IV=1.0000000000000003e-05
INFO:options_pricing_tool.services.data_service:        Contract 3: Strike=22.0, LastPrice=12.52, Bid=0.0, Ask=0.0, Volume=2, OpenInt=99, IV=1.0000000000000003e-05
INFO:options_pricing_tool.services.data_service:  📅 Expiry 2025-10-03: 25 call contracts found
INFO:options_pricing_tool.services.data_service:     📋 Sample raw data (first 3 contracts):
INFO:options_pricing_tool.services.data_service:        Contract 1: Strike=26.0, LastPrice=11.12, Bid=0.0, Ask=0.0, Volume=1.0, OpenInt=2, IV=1.0000000000000003e-05
INFO:options_pricing_tool.services.data_service:        Contract 2: Strike=29.0, LastPrice=6.2, Bid=0.0, Ask=0.0, Volume=nan, OpenInt=4, IV=1.0000000000000003e-05
INFO:options_pricing_tool.services.data_service:        Contract 3: Strike=30.0, LastPrice=5.2, Bid=0.0, Ask=0.0, Volume=nan, OpenInt=15, IV=1.0000000000000003e-05
INFO:options_pricing_tool.services.data_service:  📅 Expiry 2025-10-10: 17 call contracts found
INFO:options_pricing_tool.services.data_service:     📋 Sample raw data (first 3 contracts):
INFO:options_pricing_tool.services.data_service:        Contract 1: Strike=30.0, LastPrice=7.15, Bid=0.0, Ask=0.0, Volume=5, OpenInt=17, IV=1.0000000000000003e-05
INFO:options_pricing_tool.services.data_service:        Contract 2: Strike=32.5, LastPrice=4.77, Bid=0.0, Ask=0.0, Volume=1, OpenInt=6, IV=1.0000000000000003e-05
INFO:options_pricing_tool.services.data_service:        Contract 3: Strike=33.0, LastPrice=4.65, Bid=0.0, Ask=0.0, Volume=39, OpenInt=39, IV=1.0000000000000003e-05
INFO:options_pricing_tool.services.data_service:  📅 Expiry 2025-10-17: 64 call contracts found
INFO:options_pricing_tool.services.data_service:     📋 Sample raw data (first 3 contracts):
INFO:options_pricing_tool.services.data_service:        Contract 1: Strike=5.0, LastPrice=23.7, Bid=25.65, Ask=26.35, Volume=1, OpenInt=11, IV=1.0000000000000003e-05
INFO:options_pricing_tool.services.data_service:        Contract 2: Strike=10.0, LastPrice=20.55, Bid=20.35, Ask=21.55, Volume=10, OpenInt=9, IV=1.0000000000000003e-05
INFO:options_pricing_tool.services.data_service:        Contract 3: Strike=15.0, LastPrice=19.8, Bid=0.0, Ask=0.0, Volume=5, OpenInt=12, IV=1.0000000000000003e-05
INFO:options_pricing_tool.services.analysis_service:📊 SUMMARY: Found 15 contracts across 9 expiry dates
INFO:options_pricing_tool.services.analysis_service:💰 UNDERLYING STOCK INFO:
INFO:options_pricing_tool.services.analysis_service:   Current Price: $37.34
INFO:options_pricing_tool.services.analysis_service:   Risk-free Rate: 0.0421 (4.21%)
INFO:options_pricing_tool.services.analysis_service:   Dividend Yield: 0.0000 (0.00%)
INFO:options_pricing_tool.services.analysis_service:🎯 95TH PERCENTILE RETURNS by expiry days:
INFO:options_pricing_tool.services.analysis_service:   1 days: 0.0285 (2.85%)
INFO:options_pricing_tool.services.analysis_service:   4 days: 0.0628 (6.28%)
INFO:options_pricing_tool.services.analysis_service:   36 days: 0.1453 (14.53%)
INFO:options_pricing_tool.services.analysis_service:   8 days: 0.0814 (8.14%)
INFO:options_pricing_tool.services.analysis_service:   43 days: 0.1675 (16.75%)
INFO:options_pricing_tool.services.analysis_service:   15 days: 0.1047 (10.47%)
INFO:options_pricing_tool.services.analysis_service:   22 days: 0.1092 (10.92%)
INFO:options_pricing_tool.services.analysis_service:   26 days: 0.1211 (12.11%)
INFO:options_pricing_tool.services.analysis_service:   29 days: 0.1258 (12.58%)
INFO:options_pricing_tool.services.analysis_service:
============================================================
INFO:options_pricing_tool.services.analysis_service:🧮 BLACK-SCHOLES PRICING ENGINE
INFO:options_pricing_tool.services.analysis_service:============================================================
INFO:options_pricing_tool.services.black_scholes:      🧮 BLACK-SCHOLES CALL: K=29.5, S0=37.34
INFO:options_pricing_tool.services.black_scholes:         Parameters: r=0.0421, t=0.0027, σ=0.0000
INFO:options_pricing_tool.services.black_scholes:         d1=450476.629848, d2=450476.629847
INFO:options_pricing_tool.services.black_scholes:         N(d1)=1.000000, N(d2)=1.000000
INFO:options_pricing_tool.services.black_scholes:         Formula: C = 37.34×N(d1) - 29.5×e^(-0.0421×0.0027)×N(d2)
INFO:options_pricing_tool.services.black_scholes:         C = 37.340000 - 29.496597 = 7.843403
INFO:options_pricing_tool.services.black_scholes:      🧮 BLACK-SCHOLES CALL: K=30.0, S0=37.34
INFO:options_pricing_tool.services.black_scholes:         Parameters: r=0.0421, t=0.0027, σ=0.0000
INFO:options_pricing_tool.services.black_scholes:         d1=418366.675390, d2=418366.675389
INFO:options_pricing_tool.services.black_scholes:         N(d1)=1.000000, N(d2)=1.000000
INFO:options_pricing_tool.services.black_scholes:         Formula: C = 37.34×N(d1) - 30.0×e^(-0.0421×0.0027)×N(d2)
INFO:options_pricing_tool.services.black_scholes:         C = 37.340000 - 29.996539 = 7.343461
INFO:options_pricing_tool.services.black_scholes:      🧮 BLACK-SCHOLES CALL: K=30.0, S0=37.34
INFO:options_pricing_tool.services.black_scholes:         Parameters: r=0.0421, t=0.0110, σ=0.0000
INFO:options_pricing_tool.services.black_scholes:         d1=209513.958413, d2=209513.958412
INFO:options_pricing_tool.services.black_scholes:         N(d1)=1.000000, N(d2)=1.000000
INFO:options_pricing_tool.services.black_scholes:         Formula: C = 37.34×N(d1) - 30.0×e^(-0.0421×0.0110)×N(d2)
INFO:options_pricing_tool.services.black_scholes:         C = 37.340000 - 29.986159 = 7.353841
INFO:options_pricing_tool.services.black_scholes:      🧮 BLACK-SCHOLES CALL: K=29.5, S0=37.34
INFO:options_pricing_tool.services.black_scholes:         Parameters: r=0.0421, t=0.0219, σ=0.0000
INFO:options_pricing_tool.services.black_scholes:         d1=159813.036220, d2=159813.036219
INFO:options_pricing_tool.services.black_scholes:         N(d1)=1.000000, N(d2)=1.000000
INFO:options_pricing_tool.services.black_scholes:         Formula: C = 37.34×N(d1) - 29.5×e^(-0.0421×0.0219)×N(d2)
INFO:options_pricing_tool.services.black_scholes:         C = 37.340000 - 29.472785 = 7.867215
INFO:options_pricing_tool.services.black_scholes:      🧮 BLACK-SCHOLES CALL: K=30.0, S0=37.34
INFO:options_pricing_tool.services.black_scholes:         Parameters: r=0.0421, t=0.0219, σ=0.0000
INFO:options_pricing_tool.services.black_scholes:         d1=148460.452950, d2=148460.452948
INFO:options_pricing_tool.services.black_scholes:         N(d1)=1.000000, N(d2)=1.000000
INFO:options_pricing_tool.services.black_scholes:         Formula: C = 37.34×N(d1) - 30.0×e^(-0.0421×0.0219)×N(d2)
INFO:options_pricing_tool.services.black_scholes:         C = 37.340000 - 29.972324 = 7.367676
INFO:options_pricing_tool.services.black_scholes:      🧮 BLACK-SCHOLES CALL: K=29.5, S0=37.34
INFO:options_pricing_tool.services.black_scholes:         Parameters: r=0.0421, t=0.0411, σ=0.0000
INFO:options_pricing_tool.services.black_scholes:         d1=117109.314106, d2=117109.314104
INFO:options_pricing_tool.services.black_scholes:         N(d1)=1.000000, N(d2)=1.000000
INFO:options_pricing_tool.services.black_scholes:         Formula: C = 37.34×N(d1) - 29.5×e^(-0.0421×0.0411)×N(d2)
INFO:options_pricing_tool.services.black_scholes:         C = 37.340000 - 29.448993 = 7.891007
INFO:options_pricing_tool.services.black_scholes:      🧮 BLACK-SCHOLES CALL: K=30.0, S0=37.34
INFO:options_pricing_tool.services.black_scholes:         Parameters: r=0.0421, t=0.0411, σ=0.0000
INFO:options_pricing_tool.services.black_scholes:         d1=108818.559515, d2=108818.559513
INFO:options_pricing_tool.services.black_scholes:         N(d1)=1.000000, N(d2)=1.000000
INFO:options_pricing_tool.services.black_scholes:         Formula: C = 37.34×N(d1) - 30.0×e^(-0.0421×0.0411)×N(d2)
INFO:options_pricing_tool.services.black_scholes:         C = 37.340000 - 29.948128 = 7.391872
INFO:options_pricing_tool.services.black_scholes:      🧮 BLACK-SCHOLES CALL: K=29.5, S0=37.34
INFO:options_pricing_tool.services.black_scholes:         Parameters: r=0.0421, t=0.0603, σ=0.0000
INFO:options_pricing_tool.services.black_scholes:         d1=97028.780221, d2=97028.780219
INFO:options_pricing_tool.services.black_scholes:         N(d1)=1.000000, N(d2)=1.000000
INFO:options_pricing_tool.services.black_scholes:         Formula: C = 37.34×N(d1) - 29.5×e^(-0.0421×0.0603)×N(d2)
INFO:options_pricing_tool.services.black_scholes:         C = 37.340000 - 29.425220 = 7.914780
INFO:options_pricing_tool.services.black_scholes:      🧮 BLACK-SCHOLES CALL: K=30.0, S0=37.34
INFO:options_pricing_tool.services.black_scholes:         Parameters: r=0.0421, t=0.0603, σ=0.0000
INFO:options_pricing_tool.services.black_scholes:         d1=90182.914929, d2=90182.914926
INFO:options_pricing_tool.services.black_scholes:         N(d1)=1.000000, N(d2)=1.000000
INFO:options_pricing_tool.services.black_scholes:         Formula: C = 37.34×N(d1) - 30.0×e^(-0.0421×0.0603)×N(d2)
INFO:options_pricing_tool.services.black_scholes:         C = 37.340000 - 29.923952 = 7.416048
INFO:options_pricing_tool.services.black_scholes:      🧮 BLACK-SCHOLES CALL: K=29.5, S0=37.34
INFO:options_pricing_tool.services.black_scholes:         Parameters: r=0.0421, t=0.0712, σ=0.0000
INFO:options_pricing_tool.services.black_scholes:         d1=89426.403241, d2=89426.403238
INFO:options_pricing_tool.services.black_scholes:         N(d1)=1.000000, N(d2)=1.000000
INFO:options_pricing_tool.services.black_scholes:         Formula: C = 37.34×N(d1) - 29.5×e^(-0.0421×0.0712)×N(d2)
INFO:options_pricing_tool.services.black_scholes:         C = 37.340000 - 29.411644 = 7.928356
INFO:options_pricing_tool.services.black_scholes:      🧮 BLACK-SCHOLES CALL: K=30.0, S0=37.34
INFO:options_pricing_tool.services.black_scholes:         Parameters: r=0.0421, t=0.0712, σ=0.0000
INFO:options_pricing_tool.services.black_scholes:         d1=83129.123073, d2=83129.123070
INFO:options_pricing_tool.services.black_scholes:         N(d1)=1.000000, N(d2)=1.000000
INFO:options_pricing_tool.services.black_scholes:         Formula: C = 37.34×N(d1) - 30.0×e^(-0.0421×0.0712)×N(d2)
INFO:options_pricing_tool.services.black_scholes:         C = 37.340000 - 29.910146 = 7.429854
INFO:options_pricing_tool.services.black_scholes:      🧮 BLACK-SCHOLES CALL: K=30.0, S0=37.34
INFO:options_pricing_tool.services.black_scholes:         Parameters: r=0.0421, t=0.0795, σ=0.0000
INFO:options_pricing_tool.services.black_scholes:         d1=78834.776156, d2=78834.776153
INFO:options_pricing_tool.services.black_scholes:         N(d1)=1.000000, N(d2)=1.000000
INFO:options_pricing_tool.services.black_scholes:         Formula: C = 37.34×N(d1) - 30.0×e^(-0.0421×0.0795)×N(d2)
INFO:options_pricing_tool.services.black_scholes:         C = 37.340000 - 29.899796 = 7.440204
INFO:options_pricing_tool.services.black_scholes:      🧮 BLACK-SCHOLES CALL: K=30.0, S0=37.34
INFO:options_pricing_tool.services.black_scholes:         Parameters: r=0.0421, t=0.0986, σ=0.0000
INFO:options_pricing_tool.services.black_scholes:         d1=71013.526470, d2=71013.526467
INFO:options_pricing_tool.services.black_scholes:         N(d1)=1.000000, N(d2)=1.000000
INFO:options_pricing_tool.services.black_scholes:         Formula: C = 37.34×N(d1) - 30.0×e^(-0.0421×0.0986)×N(d2)
INFO:options_pricing_tool.services.black_scholes:         C = 37.340000 - 29.875659 = 7.464341
INFO:options_pricing_tool.services.black_scholes:      🧮 BLACK-SCHOLES CALL: K=29.5, S0=37.34
INFO:options_pricing_tool.services.black_scholes:         Parameters: r=0.0421, t=0.1178, σ=0.0000
INFO:options_pricing_tool.services.black_scholes:         d1=70108.779253, d2=70108.779249
INFO:options_pricing_tool.services.black_scholes:         N(d1)=1.000000, N(d2)=1.000000
INFO:options_pricing_tool.services.black_scholes:         Formula: C = 37.34×N(d1) - 29.5×e^(-0.0421×0.1178)×N(d2)
INFO:options_pricing_tool.services.black_scholes:         C = 37.340000 - 29.354016 = 7.985984
INFO:options_pricing_tool.services.black_scholes:      🧮 BLACK-SCHOLES CALL: K=30.0, S0=37.34
INFO:options_pricing_tool.services.black_scholes:         Parameters: r=0.0421, t=0.1178, σ=0.0000
INFO:options_pricing_tool.services.black_scholes:         d1=65212.057104, d2=65212.057101
INFO:options_pricing_tool.services.black_scholes:         N(d1)=1.000000, N(d2)=1.000000
INFO:options_pricing_tool.services.black_scholes:         Formula: C = 37.34×N(d1) - 30.0×e^(-0.0421×0.1178)×N(d2)
INFO:options_pricing_tool.services.black_scholes:         C = 37.340000 - 29.851541 = 7.488459
INFO:options_pricing_tool.utils.error_handling:price_contracts completed successfully in 0.00s
INFO:options_pricing_tool.services.analysis_service:
============================================================
INFO:options_pricing_tool.services.analysis_service:⚡ POWER LAW PRICING ENGINE
INFO:options_pricing_tool.services.analysis_service:============================================================
INFO:options_pricing_tool.services.power_law:      ⚡ POWER LAW CALL: K2=29.5, K1=30.0, α=3.0
INFO:options_pricing_tool.services.power_law:         Parameters: S0=37.34, C(K1)=7.430000
INFO:options_pricing_tool.services.power_law:         Ratio calculation: (29.5-37.34)/(30.0-37.34) = -7.84/-7.34
INFO:options_pricing_tool.services.power_law:         Ratio = 1.068120
INFO:options_pricing_tool.services.power_law:         Power term: (1.068120)^(-2.00) = 0.876516
INFO:options_pricing_tool.services.power_law:         Formula: C(K2) = 0.876516 × 7.430000 = 6.512516
INFO:options_pricing_tool.services.power_law:      ⚡ POWER LAW CALL: K2=30.0, K1=30.0, α=3.0
INFO:options_pricing_tool.services.power_law:         Parameters: S0=37.34, C(K1)=7.430000
INFO:options_pricing_tool.services.power_law:         Edge case: K2 equals K1, returning C(K1)=7.43
INFO:options_pricing_tool.services.power_law:      ⚡ POWER LAW CALL: K2=30.0, K1=30.0, α=3.0
INFO:options_pricing_tool.services.power_law:         Parameters: S0=37.34, C(K1)=6.150000
INFO:options_pricing_tool.services.power_law:         Edge case: K2 equals K1, returning C(K1)=6.15
INFO:options_pricing_tool.services.power_law:      ⚡ POWER LAW CALL: K2=29.5, K1=30.0, α=3.0
INFO:options_pricing_tool.services.power_law:         Parameters: S0=37.34, C(K1)=7.100000
INFO:options_pricing_tool.services.power_law:         Ratio calculation: (29.5-37.34)/(30.0-37.34) = -7.84/-7.34
INFO:options_pricing_tool.services.power_law:         Ratio = 1.068120
INFO:options_pricing_tool.services.power_law:         Power term: (1.068120)^(-2.00) = 0.876516
INFO:options_pricing_tool.services.power_law:         Formula: C(K2) = 0.876516 × 7.100000 = 6.223266
INFO:options_pricing_tool.services.power_law:      ⚡ POWER LAW CALL: K2=30.0, K1=30.0, α=3.0
INFO:options_pricing_tool.services.power_law:         Parameters: S0=37.34, C(K1)=7.100000
INFO:options_pricing_tool.services.power_law:         Edge case: K2 equals K1, returning C(K1)=7.1
INFO:options_pricing_tool.services.power_law:      ⚡ POWER LAW CALL: K2=29.5, K1=30.0, α=3.0
INFO:options_pricing_tool.services.power_law:         Parameters: S0=37.34, C(K1)=7.330000
INFO:options_pricing_tool.services.power_law:         Ratio calculation: (29.5-37.34)/(30.0-37.34) = -7.84/-7.34
INFO:options_pricing_tool.services.power_law:         Ratio = 1.068120
INFO:options_pricing_tool.services.power_law:         Power term: (1.068120)^(-2.00) = 0.876516
INFO:options_pricing_tool.services.power_law:         Formula: C(K2) = 0.876516 × 7.330000 = 6.424864
INFO:options_pricing_tool.services.power_law:      ⚡ POWER LAW CALL: K2=30.0, K1=30.0, α=3.0
INFO:options_pricing_tool.services.power_law:         Parameters: S0=37.34, C(K1)=7.330000
INFO:options_pricing_tool.services.power_law:         Edge case: K2 equals K1, returning C(K1)=7.33
INFO:options_pricing_tool.services.power_law:      ⚡ POWER LAW CALL: K2=29.5, K1=30.0, α=3.0
INFO:options_pricing_tool.services.power_law:         Parameters: S0=37.34, C(K1)=5.450000
INFO:options_pricing_tool.services.power_law:         Ratio calculation: (29.5-37.34)/(30.0-37.34) = -7.84/-7.34
INFO:options_pricing_tool.services.power_law:         Ratio = 1.068120
INFO:options_pricing_tool.services.power_law:         Power term: (1.068120)^(-2.00) = 0.876516
INFO:options_pricing_tool.services.power_law:         Formula: C(K2) = 0.876516 × 5.450000 = 4.777014
INFO:options_pricing_tool.services.power_law:      ⚡ POWER LAW CALL: K2=30.0, K1=30.0, α=3.0
INFO:options_pricing_tool.services.power_law:         Parameters: S0=37.34, C(K1)=5.450000
INFO:options_pricing_tool.services.power_law:         Edge case: K2 equals K1, returning C(K1)=5.45
INFO:options_pricing_tool.services.power_law:      ⚡ POWER LAW CALL: K2=29.5, K1=30.0, α=3.0
INFO:options_pricing_tool.services.power_law:         Parameters: S0=37.34, C(K1)=7.340000
INFO:options_pricing_tool.services.power_law:         Ratio calculation: (29.5-37.34)/(30.0-37.34) = -7.84/-7.34
INFO:options_pricing_tool.services.power_law:         Ratio = 1.068120
INFO:options_pricing_tool.services.power_law:         Power term: (1.068120)^(-2.00) = 0.876516
INFO:options_pricing_tool.services.power_law:         Formula: C(K2) = 0.876516 × 7.340000 = 6.433630
INFO:options_pricing_tool.services.power_law:      ⚡ POWER LAW CALL: K2=30.0, K1=30.0, α=3.0
INFO:options_pricing_tool.services.power_law:         Parameters: S0=37.34, C(K1)=7.340000
INFO:options_pricing_tool.services.power_law:         Edge case: K2 equals K1, returning C(K1)=7.34
INFO:options_pricing_tool.services.power_law:      ⚡ POWER LAW CALL: K2=30.0, K1=30.0, α=3.0
INFO:options_pricing_tool.services.power_law:         Parameters: S0=37.34, C(K1)=5.200000
INFO:options_pricing_tool.services.power_law:         Edge case: K2 equals K1, returning C(K1)=5.2
INFO:options_pricing_tool.services.power_law:      ⚡ POWER LAW CALL: K2=30.0, K1=30.0, α=3.0
INFO:options_pricing_tool.services.power_law:         Parameters: S0=37.34, C(K1)=7.150000
INFO:options_pricing_tool.services.power_law:         Edge case: K2 equals K1, returning C(K1)=7.15
INFO:options_pricing_tool.services.power_law:      ⚡ POWER LAW CALL: K2=29.5, K1=30.0, α=3.0
INFO:options_pricing_tool.services.power_law:         Parameters: S0=37.34, C(K1)=7.350000
INFO:options_pricing_tool.services.power_law:         Ratio calculation: (29.5-37.34)/(30.0-37.34) = -7.84/-7.34
INFO:options_pricing_tool.services.power_law:         Ratio = 1.068120
INFO:options_pricing_tool.services.power_law:         Power term: (1.068120)^(-2.00) = 0.876516
INFO:options_pricing_tool.services.power_law:         Formula: C(K2) = 0.876516 × 7.350000 = 6.442395
INFO:options_pricing_tool.services.power_law:      ⚡ POWER LAW CALL: K2=30.0, K1=30.0, α=3.0
INFO:options_pricing_tool.services.power_law:         Parameters: S0=37.34, C(K1)=7.350000
INFO:options_pricing_tool.services.power_law:         Edge case: K2 equals K1, returning C(K1)=7.35
INFO:options_pricing_tool.services.analysis_service:Analysis completed successfully for SLV
